<?xml version="1.0" encoding="UTF-8"?>
<!-- Generated by org.testng.reporters.JUnitXMLReporter -->
<testsuite hostname="INX178777" name="Default test" tests="2" failures="0" timestamp="10 Jul 2014 09:21:47 GMT" time="0.035" errors="0">
  <testcase name="testOperationsAfterSomeOperations" time="0.022" classname="com.sunny.unionfind.UnionFindTests"/>
  <testcase name="testOperationsAtInitilization" time="0.0010" classname="com.sunny.unionfind.UnionFindTests"/>
</testsuite> <!-- Default test -->
