<?xml version="1.0" encoding="UTF-8"?>
<testng-results skipped="0" failed="0" total="1" passed="1">
  <reporter-output>
  </reporter-output>
  <suite name="Default suite" duration-ms="33" started-at="2014-06-21T18:37:28Z" finished-at="2014-06-21T18:37:28Z">
    <groups>
    </groups>
    <test name="Default test" duration-ms="33" started-at="2014-06-21T18:37:28Z" finished-at="2014-06-21T18:37:28Z">
      <class name="SRM624.GameOfSegmentsTest">
        <test-method status="PASS" signature="f()[pri:0, instance:SRM624.GameOfSegmentsTest@120a47e]" name="f" duration-ms="24" started-at="2014-06-22T00:07:28Z" finished-at="2014-06-22T00:07:28Z">
          <reporter-output>
          </reporter-output>
        </test-method> <!-- f -->
      </class> <!-- SRM624.GameOfSegmentsTest -->
    </test> <!-- Default test -->
  </suite> <!-- Default suite -->
</testng-results>
