<?xml version="1.0" encoding="UTF-8"?>
<testng-results skipped="0" failed="0" total="2" passed="2">
  <reporter-output>
  </reporter-output>
  <suite name="Default suite" duration-ms="35" started-at="2014-07-10T09:21:47Z" finished-at="2014-07-10T09:21:47Z">
    <groups>
    </groups>
    <test name="Default test" duration-ms="35" started-at="2014-07-10T09:21:47Z" finished-at="2014-07-10T09:21:47Z">
      <class name="com.sunny.unionfind.UnionFindTests">
        <test-method status="PASS" signature="testOperationsAfterSomeOperations()[pri:0, instance:com.sunny.unionfind.UnionFindTests@789144]" name="testOperationsAfterSomeOperations" duration-ms="22" started-at="2014-07-10T14:51:47Z" finished-at="2014-07-10T14:51:47Z">
          <reporter-output>
          </reporter-output>
        </test-method> <!-- testOperationsAfterSomeOperations -->
        <test-method status="PASS" signature="testOperationsAtInitilization()[pri:0, instance:com.sunny.unionfind.UnionFindTests@789144]" name="testOperationsAtInitilization" duration-ms="1" started-at="2014-07-10T14:51:47Z" finished-at="2014-07-10T14:51:47Z">
          <reporter-output>
          </reporter-output>
        </test-method> <!-- testOperationsAtInitilization -->
      </class> <!-- com.sunny.unionfind.UnionFindTests -->
    </test> <!-- Default test -->
  </suite> <!-- Default suite -->
</testng-results>
